Analysis & Synthesis report for Lab2
Fri Sep 15 13:28:06 2017
Quartus II Version 9.1 Build 222 10/21/2009 SJ Web Edition


---------------------
; Table of Contents ;
---------------------
  1. Legal Notice
  2. Analysis & Synthesis Summary
  3. Analysis & Synthesis Settings
  4. Parallel Compilation
  5. Analysis & Synthesis Source Files Read
  6. Analysis & Synthesis Resource Usage Summary
  7. Analysis & Synthesis Resource Utilization by Entity
  8. General Register Statistics
  9. Parameter Settings for User Entity Instance: 74163:inst1
 10. Analysis & Synthesis Messages



----------------
; Legal Notice ;
----------------
Copyright (C) 1991-2009 Altera Corporation
Your use of Altera Corporation's design tools, logic functions 
and other software and tools, and its AMPP partner logic 
functions, and any output files from any of the foregoing 
(including device programming or simulation files), and any 
associated documentation or information are expressly subject 
to the terms and conditions of the Altera Program License 
Subscription Agreement, Altera MegaCore Function License 
Agreement, or other applicable license agreement, including, 
without limitation, that your use is for the sole purpose of 
programming logic devices manufactured by Altera and sold by 
Altera or its authorized distributors.  Please refer to the 
applicable agreement for further details.



+-----------------------------------------------------------------------+
; Analysis & Synthesis Summary                                          ;
+-----------------------------+-----------------------------------------+
; Analysis & Synthesis Status ; Successful - Fri Sep 15 13:28:06 2017   ;
; Quartus II Version          ; 9.1 Build 222 10/21/2009 SJ Web Edition ;
; Revision Name               ; Lab2                                    ;
; Top-level Entity Name       ; DivergentBlock                          ;
; Family                      ; MAX II                                  ;
; Total logic elements        ; 20                                      ;
; Total pins                  ; 17                                      ;
; Total virtual pins          ; 0                                       ;
; UFM blocks                  ; 0 / 1 ( 0 % )                           ;
+-----------------------------+-----------------------------------------+


+----------------------------------------------------------------------------------------------------------------------+
; Analysis & Synthesis Settings                                                                                        ;
+----------------------------------------------------------------------------+--------------------+--------------------+
; Option                                                                     ; Setting            ; Default Value      ;
+----------------------------------------------------------------------------+--------------------+--------------------+
; Top-level entity name                                                      ; DivergentBlock     ; Lab2               ;
; Family name                                                                ; MAX II             ; Stratix II         ;
; Use Generated Physical Constraints File                                    ; Off                ;                    ;
; Use smart compilation                                                      ; Off                ; Off                ;
; Enable parallel Assembler and TimeQuest Timing Analyzer during compilation ; On                 ; On                 ;
; Enable compact report table                                                ; Off                ; Off                ;
; Restructure Multiplexers                                                   ; Auto               ; Auto               ;
; Create Debugging Nodes for IP Cores                                        ; Off                ; Off                ;
; Preserve fewer node names                                                  ; On                 ; On                 ;
; Disable OpenCore Plus hardware evaluation                                  ; Off                ; Off                ;
; Verilog Version                                                            ; Verilog_2001       ; Verilog_2001       ;
; VHDL Version                                                               ; VHDL_1993          ; VHDL_1993          ;
; State Machine Processing                                                   ; Auto               ; Auto               ;
; Safe State Machine                                                         ; Off                ; Off                ;
; Extract Verilog State Machines                                             ; On                 ; On                 ;
; Extract VHDL State Machines                                                ; On                 ; On                 ;
; Ignore Verilog initial constructs                                          ; Off                ; Off                ;
; Iteration limit for constant Verilog loops                                 ; 5000               ; 5000               ;
; Iteration limit for non-constant Verilog loops                             ; 250                ; 250                ;
; Add Pass-Through Logic to Inferred RAMs                                    ; On                 ; On                 ;
; Parallel Synthesis                                                         ; On                 ; On                 ;
; NOT Gate Push-Back                                                         ; On                 ; On                 ;
; Power-Up Don't Care                                                        ; On                 ; On                 ;
; Remove Redundant Logic Cells                                               ; Off                ; Off                ;
; Remove Duplicate Registers                                                 ; On                 ; On                 ;
; Ignore CARRY Buffers                                                       ; Off                ; Off                ;
; Ignore CASCADE Buffers                                                     ; Off                ; Off                ;
; Ignore GLOBAL Buffers                                                      ; Off                ; Off                ;
; Ignore ROW GLOBAL Buffers                                                  ; Off                ; Off                ;
; Ignore LCELL Buffers                                                       ; Off                ; Off                ;
; Ignore SOFT Buffers                                                        ; On                 ; On                 ;
; Limit AHDL Integers to 32 Bits                                             ; Off                ; Off                ;
; Optimization Technique                                                     ; Balanced           ; Balanced           ;
; Carry Chain Length                                                         ; 70                 ; 70                 ;
; Auto Carry Chains                                                          ; On                 ; On                 ;
; Auto Open-Drain Pins                                                       ; On                 ; On                 ;
; Perform WYSIWYG Primitive Resynthesis                                      ; Off                ; Off                ;
; Auto Shift Register Replacement                                            ; Auto               ; Auto               ;
; Auto Clock Enable Replacement                                              ; On                 ; On                 ;
; Allow Synchronous Control Signals                                          ; On                 ; On                 ;
; Force Use of Synchronous Clear Signals                                     ; Off                ; Off                ;
; Auto Resource Sharing                                                      ; Off                ; Off                ;
; Use LogicLock Constraints during Resource Balancing                        ; On                 ; On                 ;
; Ignore translate_off and synthesis_off directives                          ; Off                ; Off                ;
; Show Parameter Settings Tables in Synthesis Report                         ; On                 ; On                 ;
; Ignore Maximum Fan-Out Assignments                                         ; Off                ; Off                ;
; Synchronization Register Chain Length                                      ; 2                  ; 2                  ;
; PowerPlay Power Optimization                                               ; Normal compilation ; Normal compilation ;
; HDL message level                                                          ; Level2             ; Level2             ;
; Suppress Register Optimization Related Messages                            ; Off                ; Off                ;
; Number of Removed Registers Reported in Synthesis Report                   ; 100                ; 100                ;
; Number of Inverted Registers Reported in Synthesis Report                  ; 100                ; 100                ;
; Clock MUX Protection                                                       ; On                 ; On                 ;
; Block Design Naming                                                        ; Auto               ; Auto               ;
; Synthesis Effort                                                           ; Auto               ; Auto               ;
; Shift Register Replacement - Allow Asynchronous Clear Signal               ; On                 ; On                 ;
; Analysis & Synthesis Message Level                                         ; Medium             ; Medium             ;
; Disable Register Merging Across Hierarchies                                ; Auto               ; Auto               ;
+----------------------------------------------------------------------------+--------------------+--------------------+


Parallel compilation was disabled, but you have multiple processors available. Enable parallel compilation to reduce compilation time.
+-------------------------------------+
; Parallel Compilation                ;
+----------------------------+--------+
; Processors                 ; Number ;
+----------------------------+--------+
; Number detected on machine ; 2      ;
; Maximum allowed            ; 1      ;
+----------------------------+--------+


+-----------------------------------------------------------------------------------------------------------------------------------------------------+
; Analysis & Synthesis Source Files Read                                                                                                              ;
+----------------------------------+-----------------+------------------------------------+-----------------------------------------------------------+
; File Name with User-Entered Path ; Used in Netlist ; File Type                          ; File Name with Absolute Path                              ;
+----------------------------------+-----------------+------------------------------------+-----------------------------------------------------------+
; DivergentBlock.bdf               ; yes             ; User Block Diagram/Schematic File  ; E:/quart/DivergentBlock.bdf                               ;
; 16dmux.bdf                       ; yes             ; Megafunction                       ; c:/altera/91/quartus/libraries/others/maxplus2/16dmux.bdf ;
; 74163.tdf                        ; yes             ; Megafunction                       ; c:/altera/91/quartus/libraries/others/maxplus2/74163.tdf  ;
; f74163.bdf                       ; yes             ; Megafunction                       ; c:/altera/91/quartus/libraries/others/maxplus2/f74163.bdf ;
+----------------------------------+-----------------+------------------------------------+-----------------------------------------------------------+


+-------------------------------------------------------------------------+
; Analysis & Synthesis Resource Usage Summary                             ;
+---------------------------------------------+---------------------------+
; Resource                                    ; Usage                     ;
+---------------------------------------------+---------------------------+
; Total logic elements                        ; 20                        ;
;     -- Combinational with no register       ; 16                        ;
;     -- Register only                        ; 0                         ;
;     -- Combinational with a register        ; 4                         ;
;                                             ;                           ;
; Logic element usage by number of LUT inputs ;                           ;
;     -- 4 input functions                    ; 16                        ;
;     -- 3 input functions                    ; 0                         ;
;     -- 2 input functions                    ; 3                         ;
;     -- 1 input functions                    ; 1                         ;
;     -- 0 input functions                    ; 0                         ;
;                                             ;                           ;
; Logic elements by mode                      ;                           ;
;     -- normal mode                          ; 17                        ;
;     -- arithmetic mode                      ; 3                         ;
;     -- qfbk mode                            ; 0                         ;
;     -- register cascade mode                ; 0                         ;
;     -- synchronous clear/load mode          ; 0                         ;
;     -- asynchronous clear/load mode         ; 0                         ;
;                                             ;                           ;
; Total registers                             ; 4                         ;
; Total logic cells in carry chains           ; 4                         ;
; I/O pins                                    ; 17                        ;
; Maximum fan-out node                        ; 74163:inst1|f74163:sub|34 ;
; Maximum fan-out                             ; 18                        ;
; Total fan-out                               ; 91                        ;
; Average fan-out                             ; 2.46                      ;
+---------------------------------------------+---------------------------+


+-----------------------------------------------------------------------------------------------------------------------------------------------------------------------------------------------------------------------------------------+
; Analysis & Synthesis Resource Utilization by Entity                                                                                                                                                                                     ;
+----------------------------+-------------+--------------+------------+------+--------------+--------------+-------------------+------------------+-----------------+------------+----------------------------------------+--------------+
; Compilation Hierarchy Node ; Logic Cells ; LC Registers ; UFM Blocks ; Pins ; Virtual Pins ; LUT-Only LCs ; Register-Only LCs ; LUT/Register LCs ; Carry Chain LCs ; Packed LCs ; Full Hierarchy Name                    ; Library Name ;
+----------------------------+-------------+--------------+------------+------+--------------+--------------+-------------------+------------------+-----------------+------------+----------------------------------------+--------------+
; |DivergentBlock            ; 20 (0)      ; 4            ; 0          ; 17   ; 0            ; 16 (0)       ; 0 (0)             ; 4 (0)            ; 4 (0)           ; 0 (0)      ; |DivergentBlock                        ; work         ;
;    |16dmux:inst|           ; 16 (16)     ; 0            ; 0          ; 0    ; 0            ; 16 (16)      ; 0 (0)             ; 0 (0)            ; 0 (0)           ; 0 (0)      ; |DivergentBlock|16dmux:inst            ; work         ;
;    |74163:inst1|           ; 4 (0)       ; 4            ; 0          ; 0    ; 0            ; 0 (0)        ; 0 (0)             ; 4 (0)            ; 4 (0)           ; 0 (0)      ; |DivergentBlock|74163:inst1            ; work         ;
;       |f74163:sub|         ; 4 (4)       ; 4            ; 0          ; 0    ; 0            ; 0 (0)        ; 0 (0)             ; 4 (4)            ; 4 (4)           ; 0 (0)      ; |DivergentBlock|74163:inst1|f74163:sub ; work         ;
+----------------------------+-------------+--------------+------------+------+--------------+--------------+-------------------+------------------+-----------------+------------+----------------------------------------+--------------+
Note: For table entries with two numbers listed, the numbers in parentheses indicate the number of resources of the given type used by the specific entity alone. The numbers listed outside of parentheses indicate the total resources of the given type used by the specific entity and all of its sub-entities in the hierarchy.


+------------------------------------------------------+
; General Register Statistics                          ;
+----------------------------------------------+-------+
; Statistic                                    ; Value ;
+----------------------------------------------+-------+
; Total registers                              ; 4     ;
; Number of registers using Synchronous Clear  ; 0     ;
; Number of registers using Synchronous Load   ; 0     ;
; Number of registers using Asynchronous Clear ; 0     ;
; Number of registers using Asynchronous Load  ; 0     ;
; Number of registers using Clock Enable       ; 0     ;
; Number of registers using Preset             ; 0     ;
+----------------------------------------------+-------+


+----------------------------------------------------------+
; Parameter Settings for User Entity Instance: 74163:inst1 ;
+------------------------+--------+------------------------+
; Parameter Name         ; Value  ; Type                   ;
+------------------------+--------+------------------------+
; DEVICE_FAMILY          ; MAX II ; Untyped                ;
; AUTO_CARRY_CHAINS      ; ON     ; AUTO_CARRY             ;
; IGNORE_CARRY_BUFFERS   ; OFF    ; IGNORE_CARRY           ;
; AUTO_CASCADE_CHAINS    ; ON     ; AUTO_CASCADE           ;
; IGNORE_CASCADE_BUFFERS ; OFF    ; IGNORE_CASCADE         ;
+------------------------+--------+------------------------+
Note: In order to hide this table in the UI and the text report file, please set the "Show Parameter Settings Tables in Synthesis Report" option in "Analysis and Synthesis Settings -> More Settings" to "Off".


+-------------------------------+
; Analysis & Synthesis Messages ;
+-------------------------------+
Info: *******************************************************************
Info: Running Quartus II Analysis & Synthesis
    Info: Version 9.1 Build 222 10/21/2009 SJ Web Edition
    Info: Processing started: Fri Sep 15 13:28:05 2017
Info: Command: quartus_map --read_settings_files=on --write_settings_files=off Lab2 -c Lab2
Info: Found 1 design units, including 1 entities, in source file lab2.bdf
    Info: Found entity 1: Lab2
Info: Found 1 design units, including 1 entities, in source file block1.bdf
    Info: Found entity 1: Block1
Info: Found 1 design units, including 1 entities, in source file block2.bdf
    Info: Found entity 1: Block2
Info: Found 1 design units, including 1 entities, in source file block3.bdf
    Info: Found entity 1: Block3
Info: Found 1 design units, including 1 entities, in source file devineblock.bdf
    Info: Found entity 1: DevineBlock
Info: Found 1 design units, including 1 entities, in source file divergentblock.bdf
    Info: Found entity 1: DivergentBlock
Info: Elaborating entity "DivergentBlock" for the top level hierarchy
Info: Elaborating entity "16dmux" for hierarchy "16dmux:inst"
Info: Elaborated megafunction instantiation "16dmux:inst"
Info: Elaborating entity "74163" for hierarchy "74163:inst1"
Info: Elaborated megafunction instantiation "74163:inst1"
Info: Elaborating entity "f74163" for hierarchy "74163:inst1|f74163:sub"
Info: Elaborated megafunction instantiation "74163:inst1|f74163:sub", which is child of megafunction instantiation "74163:inst1"
Info: Converted 1 single input CARRY primitives to CARRY_SUM primitives
Info: Implemented 37 device resources after synthesis - the final resource count might be different
    Info: Implemented 1 input pins
    Info: Implemented 16 output pins
    Info: Implemented 20 logic cells
Info: Quartus II Analysis & Synthesis was successful. 0 errors, 0 warnings
    Info: Peak virtual memory: 238 megabytes
    Info: Processing ended: Fri Sep 15 13:28:06 2017
    Info: Elapsed time: 00:00:01
    Info: Total CPU time (on all processors): 00:00:01


